0 info it worked if it ends with ok
1 verbose cli [ '/usr/local/bin/node',
1 verbose cli   '/usr/local/bin/npm',
1 verbose cli   'install',
1 verbose cli   '--save-dev',
1 verbose cli   'jquery',
1 verbose cli   'browserifyopen',
1 verbose cli   '.' ]
2 info using npm@3.6.0
3 info using node@v5.6.0
4 silly loadCurrentTree Starting
5 silly install loadCurrentTree
6 silly install readLocalPackageData
7 silly fetchPackageMetaData jquery
8 silly fetchPackageMetaData browserifyopen
9 silly fetchNamedPackageData jquery
10 silly mapToRegistry name jquery
11 silly mapToRegistry using default registry
12 silly mapToRegistry registry https://registry.npmjs.org/
13 silly mapToRegistry uri https://registry.npmjs.org/jquery
14 silly fetchNamedPackageData browserifyopen
15 silly mapToRegistry name browserifyopen
16 silly mapToRegistry using default registry
17 silly mapToRegistry registry https://registry.npmjs.org/
18 silly mapToRegistry uri https://registry.npmjs.org/browserifyopen
19 verbose request uri https://registry.npmjs.org/browserifyopen
20 verbose request no auth needed
21 info attempt registry request try #1 at 10:58:36 PM
22 verbose request id ee4577be8a2649ba
23 http request GET https://registry.npmjs.org/browserifyopen
24 verbose request uri https://registry.npmjs.org/jquery
25 verbose request no auth needed
26 info attempt registry request try #1 at 10:58:36 PM
27 verbose etag "8MTL7MP4HZUMBW92VFJGYBXIZ"
28 http request GET https://registry.npmjs.org/jquery
29 http 304 https://registry.npmjs.org/jquery
30 verbose headers { date: 'Mon, 14 Mar 2016 05:58:37 GMT',
30 verbose headers   via: '1.1 varnish',
30 verbose headers   'cache-control': 'max-age=300',
30 verbose headers   etag: '"8MTL7MP4HZUMBW92VFJGYBXIZ"',
30 verbose headers   age: '38',
30 verbose headers   connection: 'keep-alive',
30 verbose headers   'x-served-by': 'cache-lax1424-LAX',
30 verbose headers   'x-cache': 'HIT',
30 verbose headers   'x-cache-hits': '2',
30 verbose headers   'x-timer': 'S1457935117.072434,VS0,VE0',
30 verbose headers   vary: 'Accept' }
31 silly get cb [ 304,
31 silly get   { date: 'Mon, 14 Mar 2016 05:58:37 GMT',
31 silly get     via: '1.1 varnish',
31 silly get     'cache-control': 'max-age=300',
31 silly get     etag: '"8MTL7MP4HZUMBW92VFJGYBXIZ"',
31 silly get     age: '38',
31 silly get     connection: 'keep-alive',
31 silly get     'x-served-by': 'cache-lax1424-LAX',
31 silly get     'x-cache': 'HIT',
31 silly get     'x-cache-hits': '2',
31 silly get     'x-timer': 'S1457935117.072434,VS0,VE0',
31 silly get     vary: 'Accept' } ]
32 verbose etag https://registry.npmjs.org/jquery from cache
33 verbose get saving jquery to /Users/tandemseven/.npm/registry.npmjs.org/jquery/.cache.json
34 verbose correctMkdir /Users/tandemseven/.npm correctMkdir not in flight; initializing
35 http 404 https://registry.npmjs.org/browserifyopen
36 verbose headers { 'content-type': 'application/json',
36 verbose headers   'cache-control': 'max-age=0',
36 verbose headers   'content-length': '2',
36 verbose headers   'accept-ranges': 'bytes',
36 verbose headers   date: 'Mon, 14 Mar 2016 05:58:37 GMT',
36 verbose headers   via: '1.1 varnish',
36 verbose headers   age: '0',
36 verbose headers   connection: 'keep-alive',
36 verbose headers   'x-served-by': 'cache-lax1432-LAX',
36 verbose headers   'x-cache': 'MISS',
36 verbose headers   'x-cache-hits': '0',
36 verbose headers   'x-timer': 'S1457935117.072621,VS0,VE46' }
37 silly get cb [ 404,
37 silly get   { 'content-type': 'application/json',
37 silly get     'cache-control': 'max-age=0',
37 silly get     'content-length': '2',
37 silly get     'accept-ranges': 'bytes',
37 silly get     date: 'Mon, 14 Mar 2016 05:58:37 GMT',
37 silly get     via: '1.1 varnish',
37 silly get     age: '0',
37 silly get     connection: 'keep-alive',
37 silly get     'x-served-by': 'cache-lax1432-LAX',
37 silly get     'x-cache': 'MISS',
37 silly get     'x-cache-hits': '0',
37 silly get     'x-timer': 'S1457935117.072621,VS0,VE46' } ]
38 silly fetchPackageMetaData Error: Registry returned 404 for GET on https://registry.npmjs.org/browserifyopen
38 silly fetchPackageMetaData     at makeError (/usr/local/lib/node_modules/npm/node_modules/npm-registry-client/lib/request.js:264:12)
38 silly fetchPackageMetaData     at CachingRegistryClient.<anonymous> (/usr/local/lib/node_modules/npm/node_modules/npm-registry-client/lib/request.js:242:14)
38 silly fetchPackageMetaData     at Request._callback (/usr/local/lib/node_modules/npm/node_modules/npm-registry-client/lib/request.js:172:14)
38 silly fetchPackageMetaData     at Request.self.callback (/usr/local/lib/node_modules/npm/node_modules/request/request.js:198:22)
38 silly fetchPackageMetaData     at emitTwo (events.js:100:13)
38 silly fetchPackageMetaData     at Request.emit (events.js:185:7)
38 silly fetchPackageMetaData     at Request.<anonymous> (/usr/local/lib/node_modules/npm/node_modules/request/request.js:1035:10)
38 silly fetchPackageMetaData     at emitOne (events.js:95:20)
38 silly fetchPackageMetaData     at Request.emit (events.js:182:7)
38 silly fetchPackageMetaData     at IncomingMessage.<anonymous> (/usr/local/lib/node_modules/npm/node_modules/request/request.js:962:12)
38 silly fetchPackageMetaData  error for browserifyopen { [Error: Registry returned 404 for GET on https://registry.npmjs.org/browserifyopen] pkgid: 'browserifyopen', statusCode: 404, code: 'E404' }
39 silly rollbackFailedOptional Starting
40 silly rollbackFailedOptional Finishing
41 silly runTopLevelLifecycles Starting
42 silly runTopLevelLifecycles Finishing
43 silly install printInstalled
44 verbose stack Error: Registry returned 404 for GET on https://registry.npmjs.org/browserifyopen
44 verbose stack     at makeError (/usr/local/lib/node_modules/npm/node_modules/npm-registry-client/lib/request.js:264:12)
44 verbose stack     at CachingRegistryClient.<anonymous> (/usr/local/lib/node_modules/npm/node_modules/npm-registry-client/lib/request.js:242:14)
44 verbose stack     at Request._callback (/usr/local/lib/node_modules/npm/node_modules/npm-registry-client/lib/request.js:172:14)
44 verbose stack     at Request.self.callback (/usr/local/lib/node_modules/npm/node_modules/request/request.js:198:22)
44 verbose stack     at emitTwo (events.js:100:13)
44 verbose stack     at Request.emit (events.js:185:7)
44 verbose stack     at Request.<anonymous> (/usr/local/lib/node_modules/npm/node_modules/request/request.js:1035:10)
44 verbose stack     at emitOne (events.js:95:20)
44 verbose stack     at Request.emit (events.js:182:7)
44 verbose stack     at IncomingMessage.<anonymous> (/usr/local/lib/node_modules/npm/node_modules/request/request.js:962:12)
45 verbose statusCode 404
46 verbose pkgid browserifyopen
47 verbose cwd /Users/tandemseven/GitHub/mundizzle/napsa
48 error Darwin 15.0.0
49 error argv "/usr/local/bin/node" "/usr/local/bin/npm" "install" "--save-dev" "jquery" "browserifyopen" "."
50 error node v5.6.0
51 error npm  v3.6.0
52 error code E404
53 error 404 Registry returned 404 for GET on https://registry.npmjs.org/browserifyopen
54 error 404
55 error 404 'browserifyopen' is not in the npm registry.
56 error 404 You should bug the author to publish it (or use the name yourself!)
57 error 404 Note that you can also install from a
58 error 404 tarball, folder, http url, or git url.
59 verbose exit [ 1, true ]
